Start testing: Apr 08 01:39 CEST
----------------------------------------------------------
1/3 Testing: ComputerAITest.ReturnsValidChoices
1/3 Test: ComputerAITest.ReturnsValidChoices
Command: "/Users/danpassy/Desktop/C++/Project02/rock_paper_scissors/build/test_computer_ai" "--gtest_filter=ComputerAITest.ReturnsValidChoices" "--gtest_also_run_disabled_tests"
Directory: /Users/danpassy/Desktop/C++/Project02/rock_paper_scissors/build
"ComputerAITest.ReturnsValidChoices" start time: Apr 08 01:39 CEST
Output:
----------------------------------------------------------
Running main() from /tmp/googletest-20250207-4735-e28tfc/googletest-1.16.0/googletest/src/gtest_main.cc
Note: Google Test filter = ComputerAITest.ReturnsValidChoices
[==========] Running 1 test from 1 test suite.
[----------] Global test environment set-up.
[----------] 1 test from ComputerAITest
[ RUN      ] ComputerAITest.ReturnsValidChoices
[       OK ] ComputerAITest.ReturnsValidChoices (0 ms)
[----------] 1 test from ComputerAITest (0 ms total)

[----------] Global test environment tear-down
[==========] 1 test from 1 test suite ran. (0 ms total)
[  PASSED  ] 1 test.
<end of output>
Test time =   0.00 sec
----------------------------------------------------------
Test Passed.
"ComputerAITest.ReturnsValidChoices" end time: Apr 08 01:39 CEST
"ComputerAITest.ReturnsValidChoices" time elapsed: 00:00:00
----------------------------------------------------------

2/3 Testing: ComputerAITest.AllChoicesAppear
2/3 Test: ComputerAITest.AllChoicesAppear
Command: "/Users/danpassy/Desktop/C++/Project02/rock_paper_scissors/build/test_computer_ai" "--gtest_filter=ComputerAITest.AllChoicesAppear" "--gtest_also_run_disabled_tests"
Directory: /Users/danpassy/Desktop/C++/Project02/rock_paper_scissors/build
"ComputerAITest.AllChoicesAppear" start time: Apr 08 01:39 CEST
Output:
----------------------------------------------------------
Running main() from /tmp/googletest-20250207-4735-e28tfc/googletest-1.16.0/googletest/src/gtest_main.cc
Note: Google Test filter = ComputerAITest.AllChoicesAppear
[==========] Running 1 test from 1 test suite.
[----------] Global test environment set-up.
[----------] 1 test from ComputerAITest
[ RUN      ] ComputerAITest.AllChoicesAppear
/Users/danpassy/Desktop/C++/Project02/rock_paper_scissors/tests/test_computer_ai.cpp:28: Failure
Expected equality of these values:
  counts.size()
    Which is: 1
  3

/Users/danpassy/Desktop/C++/Project02/rock_paper_scissors/tests/test_computer_ai.cpp:30: Failure
Expected: (counts["Paper"]) > (iterations * 0.2), actual: 0 vs 200

/Users/danpassy/Desktop/C++/Project02/rock_paper_scissors/tests/test_computer_ai.cpp:31: Failure
Expected: (counts["Scissors"]) > (iterations * 0.2), actual: 0 vs 200

[  FAILED  ] ComputerAITest.AllChoicesAppear (0 ms)
[----------] 1 test from ComputerAITest (0 ms total)

[----------] Global test environment tear-down
[==========] 1 test from 1 test suite ran. (0 ms total)
[  PASSED  ] 0 tests.
[  FAILED  ] 1 test, listed below:
[  FAILED  ] ComputerAITest.AllChoicesAppear

 1 FAILED TEST
<end of output>
Test time =   0.00 sec
----------------------------------------------------------
Test Failed.
"ComputerAITest.AllChoicesAppear" end time: Apr 08 01:39 CEST
"ComputerAITest.AllChoicesAppear" time elapsed: 00:00:00
----------------------------------------------------------

3/3 Testing: ComputerAITest.NoFixedPattern
3/3 Test: ComputerAITest.NoFixedPattern
Command: "/Users/danpassy/Desktop/C++/Project02/rock_paper_scissors/build/test_computer_ai" "--gtest_filter=ComputerAITest.NoFixedPattern" "--gtest_also_run_disabled_tests"
Directory: /Users/danpassy/Desktop/C++/Project02/rock_paper_scissors/build
"ComputerAITest.NoFixedPattern" start time: Apr 08 01:39 CEST
Output:
----------------------------------------------------------
Running main() from /tmp/googletest-20250207-4735-e28tfc/googletest-1.16.0/googletest/src/gtest_main.cc
Note: Google Test filter = ComputerAITest.NoFixedPattern
[==========] Running 1 test from 1 test suite.
[----------] Global test environment set-up.
[----------] 1 test from ComputerAITest
[ RUN      ] ComputerAITest.NoFixedPattern
/Users/danpassy/Desktop/C++/Project02/rock_paper_scissors/tests/test_computer_ai.cpp:40: Failure
Value of: previous.count(current)
  Actual: true
Expected: false

/Users/danpassy/Desktop/C++/Project02/rock_paper_scissors/tests/test_computer_ai.cpp:40: Failure
Value of: previous.count(current)
  Actual: true
Expected: false

/Users/danpassy/Desktop/C++/Project02/rock_paper_scissors/tests/test_computer_ai.cpp:40: Failure
Value of: previous.count(current)
  Actual: true
Expected: false

/Users/danpassy/Desktop/C++/Project02/rock_paper_scissors/tests/test_computer_ai.cpp:40: Failure
Value of: previous.count(current)
  Actual: true
Expected: false

/Users/danpassy/Desktop/C++/Project02/rock_paper_scissors/tests/test_computer_ai.cpp:40: Failure
Value of: previous.count(current)
  Actual: true
Expected: false

/Users/danpassy/Desktop/C++/Project02/rock_paper_scissors/tests/test_computer_ai.cpp:40: Failure
Value of: previous.count(current)
  Actual: true
Expected: false

/Users/danpassy/Desktop/C++/Project02/rock_paper_scissors/tests/test_computer_ai.cpp:40: Failure
Value of: previous.count(current)
  Actual: true
Expected: false

/Users/danpassy/Desktop/C++/Project02/rock_paper_scissors/tests/test_computer_ai.cpp:40: Failure
Value of: previous.count(current)
  Actual: true
Expected: false

/Users/danpassy/Desktop/C++/Project02/rock_paper_scissors/tests/test_computer_ai.cpp:40: Failure
Value of: previous.count(current)
  Actual: true
Expected: false

[  FAILED  ] ComputerAITest.NoFixedPattern (0 ms)
[----------] 1 test from ComputerAITest (0 ms total)

[----------] Global test environment tear-down
[==========] 1 test from 1 test suite ran. (0 ms total)
[  PASSED  ] 0 tests.
[  FAILED  ] 1 test, listed below:
[  FAILED  ] ComputerAITest.NoFixedPattern

 1 FAILED TEST
<end of output>
Test time =   0.00 sec
----------------------------------------------------------
Test Failed.
"ComputerAITest.NoFixedPattern" end time: Apr 08 01:39 CEST
"ComputerAITest.NoFixedPattern" time elapsed: 00:00:00
----------------------------------------------------------

End testing: Apr 08 01:39 CEST
