Start testing: Apr 08 17:17 CEST
----------------------------------------------------------
1/6 Testing: ComputerAITest.ReturnsValidChoices
1/6 Test: ComputerAITest.ReturnsValidChoices
Command: "/Users/danpassy/Desktop/C++/Project02/rock_paper_scissors/build/test_computer_ai" "--gtest_filter=ComputerAITest.ReturnsValidChoices" "--gtest_also_run_disabled_tests"
Directory: /Users/danpassy/Desktop/C++/Project02/rock_paper_scissors/build
"ComputerAITest.ReturnsValidChoices" start time: Apr 08 17:17 CEST
Output:
----------------------------------------------------------
Running main() from /tmp/googletest-20250207-4735-e28tfc/googletest-1.16.0/googletest/src/gtest_main.cc
Note: Google Test filter = ComputerAITest.ReturnsValidChoices
[==========] Running 1 test from 1 test suite.
[----------] Global test environment set-up.
[----------] 1 test from ComputerAITest
[ RUN      ] ComputerAITest.ReturnsValidChoices
[       OK ] ComputerAITest.ReturnsValidChoices (0 ms)
[----------] 1 test from ComputerAITest (0 ms total)

[----------] Global test environment tear-down
[==========] 1 test from 1 test suite ran. (0 ms total)
[  PASSED  ] 1 test.
<end of output>
Test time =   0.00 sec
----------------------------------------------------------
Test Passed.
"ComputerAITest.ReturnsValidChoices" end time: Apr 08 17:17 CEST
"ComputerAITest.ReturnsValidChoices" time elapsed: 00:00:00
----------------------------------------------------------

2/6 Testing: ComputerAITest.AllChoicesAppear
2/6 Test: ComputerAITest.AllChoicesAppear
Command: "/Users/danpassy/Desktop/C++/Project02/rock_paper_scissors/build/test_computer_ai" "--gtest_filter=ComputerAITest.AllChoicesAppear" "--gtest_also_run_disabled_tests"
Directory: /Users/danpassy/Desktop/C++/Project02/rock_paper_scissors/build
"ComputerAITest.AllChoicesAppear" start time: Apr 08 17:17 CEST
Output:
----------------------------------------------------------
Running main() from /tmp/googletest-20250207-4735-e28tfc/googletest-1.16.0/googletest/src/gtest_main.cc
Note: Google Test filter = ComputerAITest.AllChoicesAppear
[==========] Running 1 test from 1 test suite.
[----------] Global test environment set-up.
[----------] 1 test from ComputerAITest
[ RUN      ] ComputerAITest.AllChoicesAppear
[       OK ] ComputerAITest.AllChoicesAppear (0 ms)
[----------] 1 test from ComputerAITest (0 ms total)

[----------] Global test environment tear-down
[==========] 1 test from 1 test suite ran. (0 ms total)
[  PASSED  ] 1 test.
<end of output>
Test time =   0.00 sec
----------------------------------------------------------
Test Passed.
"ComputerAITest.AllChoicesAppear" end time: Apr 08 17:17 CEST
"ComputerAITest.AllChoicesAppear" time elapsed: 00:00:00
----------------------------------------------------------

3/6 Testing: ComputerAITest.NoFixedPattern
3/6 Test: ComputerAITest.NoFixedPattern
Command: "/Users/danpassy/Desktop/C++/Project02/rock_paper_scissors/build/test_computer_ai" "--gtest_filter=ComputerAITest.NoFixedPattern" "--gtest_also_run_disabled_tests"
Directory: /Users/danpassy/Desktop/C++/Project02/rock_paper_scissors/build
"ComputerAITest.NoFixedPattern" start time: Apr 08 17:17 CEST
Output:
----------------------------------------------------------
Running main() from /tmp/googletest-20250207-4735-e28tfc/googletest-1.16.0/googletest/src/gtest_main.cc
Note: Google Test filter = ComputerAITest.NoFixedPattern
[==========] Running 1 test from 1 test suite.
[----------] Global test environment set-up.
[----------] 1 test from ComputerAITest
[ RUN      ] ComputerAITest.NoFixedPattern
[       OK ] ComputerAITest.NoFixedPattern (0 ms)
[----------] 1 test from ComputerAITest (0 ms total)

[----------] Global test environment tear-down
[==========] 1 test from 1 test suite ran. (0 ms total)
[  PASSED  ] 1 test.
<end of output>
Test time =   0.00 sec
----------------------------------------------------------
Test Passed.
"ComputerAITest.NoFixedPattern" end time: Apr 08 17:17 CEST
"ComputerAITest.NoFixedPattern" time elapsed: 00:00:00
----------------------------------------------------------

4/6 Testing: GameLogicTest.DetermineWinner
4/6 Test: GameLogicTest.DetermineWinner
Command: "/Users/danpassy/Desktop/C++/Project02/rock_paper_scissors/build/test_game_logic" "--gtest_filter=GameLogicTest.DetermineWinner" "--gtest_also_run_disabled_tests"
Directory: /Users/danpassy/Desktop/C++/Project02/rock_paper_scissors/build
"GameLogicTest.DetermineWinner" start time: Apr 08 17:17 CEST
Output:
----------------------------------------------------------
Running main() from /tmp/googletest-20250207-4735-e28tfc/googletest-1.16.0/googletest/src/gtest_main.cc
Note: Google Test filter = GameLogicTest.DetermineWinner
[==========] Running 1 test from 1 test suite.
[----------] Global test environment set-up.
[----------] 1 test from GameLogicTest
[ RUN      ] GameLogicTest.DetermineWinner
[       OK ] GameLogicTest.DetermineWinner (0 ms)
[----------] 1 test from GameLogicTest (0 ms total)

[----------] Global test environment tear-down
[==========] 1 test from 1 test suite ran. (0 ms total)
[  PASSED  ] 1 test.
<end of output>
Test time =   0.00 sec
----------------------------------------------------------
Test Passed.
"GameLogicTest.DetermineWinner" end time: Apr 08 17:17 CEST
"GameLogicTest.DetermineWinner" time elapsed: 00:00:00
----------------------------------------------------------

5/6 Testing: GameLogicTest.IsValidChoice
5/6 Test: GameLogicTest.IsValidChoice
Command: "/Users/danpassy/Desktop/C++/Project02/rock_paper_scissors/build/test_game_logic" "--gtest_filter=GameLogicTest.IsValidChoice" "--gtest_also_run_disabled_tests"
Directory: /Users/danpassy/Desktop/C++/Project02/rock_paper_scissors/build
"GameLogicTest.IsValidChoice" start time: Apr 08 17:17 CEST
Output:
----------------------------------------------------------
Running main() from /tmp/googletest-20250207-4735-e28tfc/googletest-1.16.0/googletest/src/gtest_main.cc
Note: Google Test filter = GameLogicTest.IsValidChoice
[==========] Running 1 test from 1 test suite.
[----------] Global test environment set-up.
[----------] 1 test from GameLogicTest
[ RUN      ] GameLogicTest.IsValidChoice
[       OK ] GameLogicTest.IsValidChoice (0 ms)
[----------] 1 test from GameLogicTest (0 ms total)

[----------] Global test environment tear-down
[==========] 1 test from 1 test suite ran. (0 ms total)
[  PASSED  ] 1 test.
<end of output>
Test time =   0.00 sec
----------------------------------------------------------
Test Passed.
"GameLogicTest.IsValidChoice" end time: Apr 08 17:17 CEST
"GameLogicTest.IsValidChoice" time elapsed: 00:00:00
----------------------------------------------------------

6/6 Testing: GameLogicTest.ConvertInputToChoice
6/6 Test: GameLogicTest.ConvertInputToChoice
Command: "/Users/danpassy/Desktop/C++/Project02/rock_paper_scissors/build/test_game_logic" "--gtest_filter=GameLogicTest.ConvertInputToChoice" "--gtest_also_run_disabled_tests"
Directory: /Users/danpassy/Desktop/C++/Project02/rock_paper_scissors/build
"GameLogicTest.ConvertInputToChoice" start time: Apr 08 17:17 CEST
Output:
----------------------------------------------------------
Running main() from /tmp/googletest-20250207-4735-e28tfc/googletest-1.16.0/googletest/src/gtest_main.cc
Note: Google Test filter = GameLogicTest.ConvertInputToChoice
[==========] Running 1 test from 1 test suite.
[----------] Global test environment set-up.
[----------] 1 test from GameLogicTest
[ RUN      ] GameLogicTest.ConvertInputToChoice
[       OK ] GameLogicTest.ConvertInputToChoice (0 ms)
[----------] 1 test from GameLogicTest (0 ms total)

[----------] Global test environment tear-down
[==========] 1 test from 1 test suite ran. (0 ms total)
[  PASSED  ] 1 test.
<end of output>
Test time =   0.00 sec
----------------------------------------------------------
Test Passed.
"GameLogicTest.ConvertInputToChoice" end time: Apr 08 17:17 CEST
"GameLogicTest.ConvertInputToChoice" time elapsed: 00:00:00
----------------------------------------------------------

End testing: Apr 08 17:17 CEST
