<?xml version="1.0" encoding="UTF-8"?>
<Site BuildName="(empty)"
	BuildStamp="20250408-1435-Experimental"
	Name="(empty)"
	Generator="ctest-4.0.0"
	CompilerName=""
	CompilerVersion=""
	OSName="macOS"
	Hostname="MacBook-Pro-de-Dan-Passy.local"
	OSRelease="15.3.2"
	OSVersion="24D81"
	OSPlatform="arm64"
	Is64Bits="1"
	VendorString="Apple"
	VendorID="Apple"
	FamilyID="0"
	ModelID="0"
	ModelName="Apple M4"
	ProcessorCacheSize="131072"
	NumberOfLogicalCPU="10"
	NumberOfPhysicalCPU="10"
	TotalVirtualMemory="0"
	TotalPhysicalMemory="16384"
	LogicalProcessorsPerPhysical="10"
	ProcessorClockFrequency="0"
	>
	<Testing>
		<StartDateTime>Apr 08 16:35 CEST</StartDateTime>
		<StartTestTime>1744122915</StartTestTime>
		<TestList/>
		<EndDateTime>Apr 08 16:35 CEST</EndDateTime>
		<EndTestTime>1744122915</EndTestTime>
		<ElapsedMinutes>0</ElapsedMinutes>
	</Testing>
</Site>
